<?xml version="1.0" encoding="UTF-8"?>
<!-- Generated by org.testng.reporters.JUnitXMLReporter -->
<testsuite ignored="0" hostname="DESKTOP-ELKCP8L" failures="3" tests="6" name="PWAAndroidChromeStabilityScript" time="601.998" errors="0" timestamp="2022-03-28T12:49:57 IST">
  <testcase classname="com.zee5.pwaSanityScripts.androidChromePWAStabilityScript" name="@BeforeMethod beforemethodcode" time="601.271">
    <skipped/>
  </testcase> <!-- @BeforeMethod beforemethodcode -->
  <testcase classname="com.zee5.pwaSanityScripts.androidChromePWAStabilityScript" name="@BeforeMethod beforemethodcode" time="601.304">
    <skipped/>
  </testcase> <!-- @BeforeMethod beforemethodcode -->
  <testcase classname="com.zee5.pwaSanityScripts.androidChromePWAStabilityScript" name="@BeforeMethod beforemethodcode" time="-1.648451997243E9">
    <skipped/>
  </testcase> <!-- @BeforeMethod beforemethodcode -->
  <testcase classname="com.zee5.pwaSanityScripts.androidChromePWAStabilityScript" name="guestUser" time="0.0">
    <skipped/>
  </testcase> <!-- guestUser -->
  <testcase classname="com.zee5.pwaSanityScripts.androidChromePWAStabilityScript" name="nonSubUser" time="0.0">
    <skipped/>
  </testcase> <!-- nonSubUser -->
  <testcase classname="com.zee5.pwaSanityScripts.androidChromePWAStabilityScript" name="guestUser" time="601.357">
    <failure type="java.lang.IllegalArgumentException" message="nodeName cannot be null or empty">
      <![CDATA[java.lang.IllegalArgumentException: nodeName cannot be null or empty
at com.aventstack.extentreports.ExtentTest.createNode(ExtentTest.java:166)
at com.aventstack.extentreports.ExtentTest.createNode(ExtentTest.java:274)
at com.utility.ExtentReporter.HeaderChildNode(ExtentReporter.java:243)
at com.utility.ExtentReporter.onTestSkipped(ExtentReporter.java:235)
at java.base/java.util.concurrent.ThreadPoolExecutor.runWorker(ThreadPoolExecutor.java:1130)
at java.base/java.util.concurrent.ThreadPoolExecutor$Worker.run(ThreadPoolExecutor.java:630)
at java.base/java.lang.Thread.run(Thread.java:831)
... Removed 10 stack frames]]>
    </failure>
  </testcase> <!-- guestUser -->
  <testcase classname="com.zee5.pwaSanityScripts.androidChromePWAStabilityScript" name="nonSubUser" time="601.361">
    <failure type="java.lang.IllegalArgumentException" message="nodeName cannot be null or empty">
      <![CDATA[java.lang.IllegalArgumentException: nodeName cannot be null or empty
at com.aventstack.extentreports.ExtentTest.createNode(ExtentTest.java:166)
at com.aventstack.extentreports.ExtentTest.createNode(ExtentTest.java:274)
at com.utility.ExtentReporter.HeaderChildNode(ExtentReporter.java:243)
at com.utility.ExtentReporter.onTestSkipped(ExtentReporter.java:235)
at java.base/java.util.concurrent.ThreadPoolExecutor.runWorker(ThreadPoolExecutor.java:1130)
at java.base/java.util.concurrent.ThreadPoolExecutor$Worker.run(ThreadPoolExecutor.java:630)
at java.base/java.lang.Thread.run(Thread.java:831)
... Removed 10 stack frames]]>
    </failure>
  </testcase> <!-- nonSubUser -->
  <testcase classname="com.zee5.pwaSanityScripts.androidChromePWAStabilityScript" name="subUser" time="0.0">
    <skipped/>
  </testcase> <!-- subUser -->
  <testcase classname="com.zee5.pwaSanityScripts.androidChromePWAStabilityScript" name="subUser" time="0.031">
    <failure type="java.lang.IllegalArgumentException" message="nodeName cannot be null or empty">
      <![CDATA[java.lang.IllegalArgumentException: nodeName cannot be null or empty
at com.aventstack.extentreports.ExtentTest.createNode(ExtentTest.java:166)
at com.aventstack.extentreports.ExtentTest.createNode(ExtentTest.java:274)
at com.utility.ExtentReporter.HeaderChildNode(ExtentReporter.java:243)
at com.utility.ExtentReporter.onTestSkipped(ExtentReporter.java:235)
at java.base/java.util.concurrent.ThreadPoolExecutor.runWorker(ThreadPoolExecutor.java:1130)
at java.base/java.util.concurrent.ThreadPoolExecutor$Worker.run(ThreadPoolExecutor.java:630)
at java.base/java.lang.Thread.run(Thread.java:831)
... Removed 10 stack frames]]>
    </failure>
  </testcase> <!-- subUser -->
</testsuite> <!-- PWAAndroidChromeStabilityScript -->
