<?xml version="1.0" encoding="UTF-8"?>
<testsuite xmlns:xsi="http://www.w3.org/2001/XMLSchema-instance" xsi:noNamespaceSchemaLocation="https://maven.apache.org/surefire/maven-surefire-plugin/xsd/surefire-test-report.xsd" name="TestSuite" time="147.808" tests="8" errors="0" skipped="0" failures="1">
  <properties>
[...]
</properties>
  <testcase name="userDetailsAPI" classname="com.RingPayScripts.MockUser_Scripts" time="7.948">
    <failure type="java.lang.NullPointerException">java.lang.NullPointerException
	at com.RingPayScripts.MockUser_Scripts.userDetailsAPI(MockUser_Scripts.java:37)
</failure>
    <system-out><![CDATA[2022-11-22 11:48:17,577 main ERROR Unable to locate appender "FILE" for logger config "root"
ON START
fileNameRingPay_2022_11_22_11_48_17.html
ON TEST START
com.aventstack.extentreports.ExtentTest@1972e513
testNameRingPay
2022-11-22 11:48:17,854 [main] INFO  binary_data_logger - Running Test :: RingPay
2022-11-22 11:48:17,878 [main] INFO  binary_data_logger - Run Mode :: YES
2022-11-22 11:48:17,878 [main] INFO  binary_data_logger - :::::::::Test userDetailsAPI Started::::::::
Url :https://testing-gateway.test.paywithring.com/api/v1/mock-data/user
Request Url -->https://testing-gateway.test.paywithring.com/api/v1/mock-data/user
Request :{"gender":"male","encrypted_name":"K3sKqgjdMfFET4s0Me7WwmpuJLLKr0wyWl6SyqviOQE="}
Response Body= {"data":{"request_id":"","success":true,"response_code":0,"message":"Success","http_code":200,"data":{"gender":"male","first_name":"Mohanlal","middle_name":"Nayan","last_name":"Dey","mother_name":"Drishti","full_name":"Mohanlal Nayan Dey","dob":"1982-12-02","mobile_number":"9619127221","otp":888888,"email":"MohanlalDey71650@example.net","pan":"BYFPX9191Z","aadhaar":"978174367120","pan_status":2,"actual_pan_status":"E","dob_verification_status":"VERIFIED","imei":"051967682973043","advertising_id":"739313745229356","android_id":"4c852318a8b124c8","source_app":"RUFILO","transaction_source":"MERCHANT_APP","lat":"17.993764","long":"82.998582","transaction_latitude":"17.993764","transaction_longitude":"82.998582","bank_account":{"bank_account_no":"894019","bank_branch_ifsc":"BARB0LALBAU","bank_account_type":"SAVINGS","bank_account_holder_name":"Mohanlal Nayan Dey","is_verified":1,"is_digi_verified":1,"is_imps_verified":"SUCCESS","verification_type":"PENNY_DROP","verification_attempts":1,"verified_name":"Mohanlal Nayan Dey","verified_name_match":100},"present_address":{"address_reference_number":"RADD1950387301452419","room_number":"66","line_1":"55, Isha Villas, Marathahalli","line_2":"Mehan Street","landmark":"Nayar Street","pincode":"400080","label":"present_address","tag":"HOME","source":"RUFILO"},"gross_monthly_salary":36338,"employment_type":"SALARIED","employer_name":"Chawla-Chakraborty Inc","working_since":"2014-07-09","photo_image":{"storage_path":"\/var\/www\/testing-service.test.tradofina.com\/storage\/app\/public\/photo\/tester\/yashwanth_ramaswamy.png","asset_path":"http:\/\/testing-service.test.ideopay.in\/storage\/photo\/tester\/yashwanth_ramaswamy.png"},"pan_image":{"storage_path":"\/var\/www\/testing-service.test.tradofina.com\/storage\/app\/public\/generated_documents\/pan\/9619127221.png","asset_path":"http:\/\/testing-service.test.ideopay.in\/storage\/generated_documents\/pan\/9619127221.png"},"aadhaar_front_image":{"storage_path":"\/var\/www\/testing-service.test.tradofina.com\/storage\/app\/public\/generated_documents\/aadhaar\/9619127221-front.png","asset_path":"http:\/\/testing-service.test.ideopay.in\/storage\/generated_documents\/aadhaar\/9619127221-front.png"},"aadhaar_back_image":{"storage_path":"\/var\/www\/testing-service.test.tradofina.com\/storage\/app\/public\/generated_documents\/aadhaar\/9619127221-back.png","asset_path":"http:\/\/testing-service.test.ideopay.in\/storage\/generated_documents\/aadhaar\/9619127221-back.png"}}}}
MobileNumber : 9619127221
OTP : 888888
MotherName : Drishti
Email : MohanlalDey71650@example.net
Dob : 1982-12-02
imei : 051967682973043
motherName : Drishti
Write Excel is updated successfully
Write Excel is updated successfully
Write Excel is updated successfully
Write Excel is updated successfully
Write Excel is updated successfully
Write Excel is updated successfully
Write Excel is updated successfully
Write Excel is updated successfully
Write Excel is updated successfully
Write Excel is updated successfully
Write Excel is updated successfully
Write Excel is updated successfully
Write Excel is updated successfully
Write Excel is updated successfully
Write Excel is updated successfully
2022-11-22 11:48:25,428 [main] INFO  binary_data_logger - Mock_User,Validating 200 Success Response
]]></system-out>
    <system-err><![CDATA[SLF4J: Class path contains multiple SLF4J bindings.
SLF4J: Found binding in [jar:file:/C:/Windows/System32/config/systemprofile/.m2/repository/org/slf4j/slf4j-jdk14/1.7.25/slf4j-jdk14-1.7.25.jar!/org/slf4j/impl/StaticLoggerBinder.class]
SLF4J: Found binding in [jar:file:/C:/Windows/System32/config/systemprofile/.m2/repository/ch/qos/logback/logback-classic/1.2.3/logback-classic-1.2.3.jar!/org/slf4j/impl/StaticLoggerBinder.class]
SLF4J: See http://www.slf4j.org/codes.html#multiple_bindings for an explanation.
SLF4J: Actual binding is of type [org.slf4j.impl.JDK14LoggerFactory]
]]></system-err>
  </testcase>
  <testcase name="onloadAndroidVersionCheckAPI" classname="com.RingPayScripts.MockUser_Scripts" time="1.756"/>
  <testcase name="getVPADetails" classname="com.RingPayScripts.MockUser_Scripts" time="1.399"/>
  <testcase name="sendOtp_Positive" classname="com.RingPayScripts.MockUser_Scripts" time="4.359"/>
  <testcase name="userToken" classname="com.RingPayScripts.MockUser_Scripts" time="13.592"/>
  <testcase name="updateUserDetils_200" classname="com.RingPayScripts.MockUser_Scripts" time="104.483"/>
  <testcase name="loginUser" classname="com.RingPayScripts.MockUser_Scripts" time="7.294"/>
  <testcase name="registeruser" classname="com.RingPayScripts.MockUser_Scripts" time="5.144"/>
</testsuite>