<?xml version="1.0" encoding="UTF-8"?>
<testsuite xmlns:xsi="http://www.w3.org/2001/XMLSchema-instance" xsi:noNamespaceSchemaLocation="https://maven.apache.org/surefire/maven-surefire-plugin/xsd/surefire-test-report.xsd" name="TestSuite" time="5.412" tests="1" errors="0" skipped="0" failures="1">
  <properties>
[...]
</properties>
  <testcase name="otp_200" classname="com.RingPayScripts.OtpSend_Scripts" time="3.825">
    <failure message="Schema to use cannot be null" type="java.lang.IllegalArgumentException">java.lang.IllegalArgumentException: Schema to use cannot be null
	at com.RingPayScripts.OtpSend_Scripts.otp_200(OtpSend_Scripts.java:16)
</failure>
    <system-out><![CDATA[2022-11-04 12:25:17,009 main ERROR Unable to locate appender "FILE" for logger config "root"
ON START
fileNameRingPay_2022_11_04_12_25_17.html
ON TEST START
com.aventstack.extentreports.ExtentTest@5aceec94
testNameRingPay
2022-11-04 12:25:17,419 [main] INFO  binary_data_logger - Running Test :: RingPay
2022-11-04 12:25:17,441 [main] INFO  binary_data_logger - Run Mode :: YES
2022-11-04 12:25:17,690 [main] INFO  binary_data_logger - :::::::::Test otp_200 Started::::::::
Request Url -->https://user-gateway.test.ideopay.in/api/v1/users/android/send-otp
Request :{"source_app":"IDEOPAY","otp":"","mobile_number":"9893242344","client_id":""}
Response Body= {"request_id":"7166449288921956","success":true,"response_code":0,"message":"Success","data":{"user_exists":true}}
2022-11-04 12:25:20,665 [main] INFO  binary_data_logger - valid_otp_200 , Validating 200 Success Response
2022-11-04 12:25:21,159 [main] INFO  binary_data_logger - valid_otp_200 , Validating request_id is not null
2022-11-04 12:25:21,176 [main] INFO  binary_data_logger - valid_otp_200 , Validating success is true
2022-11-04 12:25:21,190 [main] INFO  binary_data_logger - valid_otp_200 , Validating message value
2022-11-04 12:25:21,207 [main] INFO  binary_data_logger - valid_otp_200 , Validating user_exists should be false
]]></system-out>
    <system-err><![CDATA[SLF4J: Class path contains multiple SLF4J bindings.
SLF4J: Found binding in [jar:file:/C:/Users/IGS0425/.m2/repository/org/slf4j/slf4j-jdk14/1.7.25/slf4j-jdk14-1.7.25.jar!/org/slf4j/impl/StaticLoggerBinder.class]
SLF4J: Found binding in [jar:file:/C:/Users/IGS0425/.m2/repository/ch/qos/logback/logback-classic/1.2.3/logback-classic-1.2.3.jar!/org/slf4j/impl/StaticLoggerBinder.class]
SLF4J: See http://www.slf4j.org/codes.html#multiple_bindings for an explanation.
SLF4J: Actual binding is of type [org.slf4j.impl.JDK14LoggerFactory]
]]></system-err>
  </testcase>
</testsuite>