-------------------------------------------------------------------------------
Test set: TestSuite
-------------------------------------------------------------------------------
Tests run: 1, Failures: 1, Errors: 0, Skipped: 0, Time elapsed: 5.412 s <<< FAILURE! - in TestSuite
otp_200(com.RingPayScripts.OtpSend_Scripts)  Time elapsed: 3.825 s  <<< FAILURE!
java.lang.IllegalArgumentException: Schema to use cannot be null
	at com.RingPayScripts.OtpSend_Scripts.otp_200(OtpSend_Scripts.java:16)

