<?xml version="1.0" encoding="UTF-8"?>
<!-- Generated by org.testng.reporters.JUnitXMLReporter -->
<testsuite ignored="0" hostname="DESKTOP-077G3EM" failures="2" tests="25" name="RingPay" time="300.941" errors="0" timestamp="2022-11-30T11:14:33 IST">
  <testcase classname="com.RingPayScripts.MockUser_Scripts" name="userDetailsAPI" time="5.218"/>
  <testcase classname="com.RingPayScripts.MockUser_Scripts" name="onloadAndroidVersionCheckAPI" time="0.762"/>
  <testcase classname="com.RingPayScripts.MockUser_Scripts" name="getVPADetails" time="1.647"/>
  <testcase classname="com.RingPayScripts.MockUser_Scripts" name="sendOtp_Positive" time="3.872"/>
  <testcase classname="com.RingPayScripts.MockUser_Scripts" name="userToken" time="7.848"/>
  <testcase classname="com.RingPayScripts.MockUser_Scripts" name="updateUserDetils_200" time="70.033"/>
  <testcase classname="com.RingPayScripts.MockUser_Scripts" name="loginUser" time="3.596"/>
  <testcase classname="com.RingPayScripts.MockUser_Scripts" name="registeruser" time="2.941"/>
  <testcase classname="com.RingPayScripts.MockUser_Scripts" name="getUserDetails_Positive" time="3.676"/>
  <testcase classname="com.RingPayScripts.MockUser_Scripts" name="user_onboarding_200" time="24.526"/>
  <testcase classname="com.RingPayScripts.MockUser_Scripts" name="create_bnpl_transaction" time="25.271"/>
  <testcase classname="com.RingPayScripts.MockUser_Scripts" name="upadate_user_status_200" time="2.842"/>
  <testcase classname="com.RingPayScripts.MockUser_Scripts" name="check_Application_Eligibility" time="33.798">
    <failure type="java.lang.NullPointerException" message="Cannot invoke &amp;quot;String.equals(Object)&amp;quot; because the return value of &amp;quot;com.utility.ExtentReporter.getPlatformFromtools()&amp;quot; is null">
      <![CDATA[java.lang.NullPointerException: Cannot invoke "String.equals(Object)" because the return value of "com.utility.ExtentReporter.getPlatformFromtools()" is null
at com.utility.ExtentReporter.setScreenshotSource(ExtentReporter.java:466)
at com.utility.ExtentReporter.screencapture(ExtentReporter.java:302)
at com.utility.ExtentReporter.extentLoggerFail(ExtentReporter.java:270)
at com.utility.Validation.assertSchemaValidation(Validation.java:32)
at com.business.RingPay_MerchantQRCode_Journey.BasicDetailScreen_Check_Application_Eligibility.checkApplicationEligibilitySchemaValidation_Positive(BasicDetailScreen_Check_Application_Eligibility.java:80)
at com.RingPayScripts.MockUser_Scripts.check_Application_Eligibility(MockUser_Scripts.java:279)
at java.base/java.util.ArrayList.forEach(ArrayList.java:1511)
... Removed 27 stack frames]]>
    </failure>
  </testcase> <!-- check_Application_Eligibility -->
  <testcase classname="com.RingPayScripts.MockUser_Scripts" name="check_Application_Eligibility_After_add_addressAPI" time="15.734"/>
  <testcase classname="com.RingPayScripts.MockUser_Scripts" name="get_Offer_Details" time="6.475"/>
  <testcase classname="com.RingPayScripts.MockUser_Scripts" name="accept_Offer" time="5.165"/>
  <testcase classname="com.RingPayScripts.MockUser_Scripts" name="offerDetailsScreen_CheckApplicationEligibility" time="8.097"/>
  <testcase classname="com.RingPayScripts.MockUser_Scripts" name="bnplLines" time="5.097"/>
  <testcase classname="com.RingPayScripts.MockUser_Scripts" name="paymentOption" time="24.657"/>
  <testcase classname="com.RingPayScripts.MockUser_Scripts" name="transaction_Initiate" time="28.283"/>
  <testcase classname="com.RingPayScripts.MockUser_Scripts" name="transactionComplete" time="4.556"/>
  <testcase classname="com.RingPayScripts.MockUser_Scripts" name="homeScreenForCurrentSpends" time="3.57"/>
  <testcase classname="com.RingPayScripts.MockUser_Scripts" name="paymentValidate" time="2.449"/>
  <testcase classname="com.RingPayScripts.MockUser_Scripts" name="notifyPaymentDone" time="2.177"/>
  <testcase classname="com.RingPayScripts.MockUser_Scripts" name="getSettlementStatus" time="8.48">
    <failure type="java.lang.NullPointerException" message="Cannot invoke &amp;quot;String.equals(Object)&amp;quot; because the return value of &amp;quot;com.utility.ExtentReporter.getPlatformFromtools()&amp;quot; is null">
      <![CDATA[java.lang.NullPointerException: Cannot invoke "String.equals(Object)" because the return value of "com.utility.ExtentReporter.getPlatformFromtools()" is null
at com.utility.ExtentReporter.setScreenshotSource(ExtentReporter.java:466)
at com.utility.ExtentReporter.screencapture(ExtentReporter.java:302)
at com.utility.ExtentReporter.extentLoggerFail(ExtentReporter.java:270)
at com.utility.Validation.assertEquals(Validation.java:88)
at com.business.RingPay_MerchantQRCode_Journey.Bnpl_Txn_Transaction_Initiate.transactionInitiate_Positive(Bnpl_Txn_Transaction_Initiate.java:44)
at com.utility.Utilities.GetSettlementAPI(Utilities.java:4406)
at com.business.RingPay_MerchantQRCode_Journey.TransactionDetails_Get_Settlement_Status.getSettlementStatus(TransactionDetails_Get_Settlement_Status.java:17)
at com.RingPayScripts.MockUser_Scripts.getSettlementStatus(MockUser_Scripts.java:450)
at java.base/java.util.ArrayList.forEach(ArrayList.java:1511)
... Removed 27 stack frames]]>
    </failure>
  </testcase> <!-- getSettlementStatus -->
</testsuite> <!-- RingPay -->
