<?xml version="1.0" encoding="UTF-8"?>
<!-- Generated by org.testng.reporters.JUnitXMLReporter -->
<testsuite ignored="0" hostname="DESKTOP-077G3EM" failures="1" tests="15" name="RingPay" time="320.239" errors="0" timestamp="2022-11-22T16:48:45 IST">
  <testcase classname="com.RingPayScripts.MockUser_Scripts" name="userDetailsAPI" time="5.379"/>
  <testcase classname="com.RingPayScripts.MockUser_Scripts" name="onloadAndroidVersionCheckAPI" time="1.582"/>
  <testcase classname="com.RingPayScripts.MockUser_Scripts" name="getVPADetails" time="1.558"/>
  <testcase classname="com.RingPayScripts.MockUser_Scripts" name="sendOtp_Positive" time="3.898"/>
  <testcase classname="com.RingPayScripts.MockUser_Scripts" name="userToken" time="14.906"/>
  <testcase classname="com.RingPayScripts.MockUser_Scripts" name="updateUserDetils_200" time="144.802"/>
  <testcase classname="com.RingPayScripts.MockUser_Scripts" name="loginUser" time="8.495"/>
  <testcase classname="com.RingPayScripts.MockUser_Scripts" name="registeruser" time="6.115"/>
  <testcase classname="com.RingPayScripts.MockUser_Scripts" name="getUserDetails_Positive" time="5.577"/>
  <testcase classname="com.RingPayScripts.MockUser_Scripts" name="user_onboarding_200" time="48.41"/>
  <testcase classname="com.RingPayScripts.MockUser_Scripts" name="create_bnpl_transaction" time="34.427"/>
  <testcase classname="com.RingPayScripts.MockUser_Scripts" name="upadte_user_status_200" time="6.951"/>
  <testcase classname="com.RingPayScripts.MockUser_Scripts" name="add_address" time="6.248"/>
  <testcase classname="com.RingPayScripts.MockUser_Scripts" name="check_Application_Eligibility" time="24.819"/>
  <testcase classname="com.RingPayScripts.MockUser_Scripts" name="get_Offer_Details" time="6.859">
    <failure type="java.lang.NullPointerException" message="Cannot invoke &amp;quot;String.equals(Object)&amp;quot; because the return value of &amp;quot;com.utility.ExtentReporter.getPlatformFromtools()&amp;quot; is null">
      <![CDATA[java.lang.NullPointerException: Cannot invoke "String.equals(Object)" because the return value of "com.utility.ExtentReporter.getPlatformFromtools()" is null
at com.utility.ExtentReporter.setScreenshotSource(ExtentReporter.java:466)
at com.utility.ExtentReporter.screencapture(ExtentReporter.java:302)
at com.utility.ExtentReporter.extentLoggerFail(ExtentReporter.java:270)
at com.utility.Validation.assertEquals(Validation.java:77)
at com.business.RingPay_MerchantQRCode_Journey.BasicDetailScreen_Create_Bnpl_Transaction.getApplicationToken_Positive(BasicDetailScreen_Create_Bnpl_Transaction.java:50)
at com.utility.Utilities.getOfferAPI(Utilities.java:3755)
at com.business.RingPay_MerchantQRCode_Journey.OfferDetailsScreen_Get_Offer.get_Offer(OfferDetailsScreen_Get_Offer.java:20)
at com.RingPayScripts.MockUser_Scripts.get_Offer_Details(MockUser_Scripts.java:285)
at java.base/java.util.ArrayList.forEach(ArrayList.java:1511)
... Removed 27 stack frames]]>
    </failure>
  </testcase> <!-- get_Offer_Details -->
</testsuite> <!-- RingPay -->
