<?xml version="1.0" encoding="UTF-8"?>
<testng-results ignored="0" total="24" passed="24" failed="0" skipped="0">
  <reporter-output>
  </reporter-output>
  <suite started-at="2022-12-01T17:20:17 IST" name="RingPay_Suite" finished-at="2022-12-01T17:24:25 IST" duration-ms="247899">
    <groups>
    </groups>
    <test started-at="2022-12-01T17:20:17 IST" name="RingPay" finished-at="2022-12-01T17:24:25 IST" duration-ms="247899">
      <class name="com.RingPayScripts.MockUser_Scripts">
        <test-method signature="userDetailsAPI()[pri:0, instance:com.RingPayScripts.MockUser_Scripts@10650953]" started-at="2022-12-01T17:20:17 IST" name="userDetailsAPI" finished-at="2022-12-01T17:20:23 IST" duration-ms="5768" status="PASS">
          <reporter-output>
          </reporter-output>
        </test-method> <!-- userDetailsAPI -->
        <test-method signature="onloadAndroidVersionCheckAPI()[pri:1, instance:com.RingPayScripts.MockUser_Scripts@10650953]" started-at="2022-12-01T17:20:23 IST" name="onloadAndroidVersionCheckAPI" finished-at="2022-12-01T17:20:24 IST" duration-ms="551" status="PASS">
          <reporter-output>
          </reporter-output>
        </test-method> <!-- onloadAndroidVersionCheckAPI -->
        <test-method signature="getVPADetails()[pri:2, instance:com.RingPayScripts.MockUser_Scripts@10650953]" started-at="2022-12-01T17:20:24 IST" name="getVPADetails" finished-at="2022-12-01T17:20:24 IST" duration-ms="704" status="PASS">
          <reporter-output>
          </reporter-output>
        </test-method> <!-- getVPADetails -->
        <test-method signature="sendOtp_Positive()[pri:3, instance:com.RingPayScripts.MockUser_Scripts@10650953]" started-at="2022-12-01T17:20:24 IST" name="sendOtp_Positive" finished-at="2022-12-01T17:20:26 IST" duration-ms="1970" status="PASS">
          <reporter-output>
          </reporter-output>
        </test-method> <!-- sendOtp_Positive -->
        <test-method signature="userToken()[pri:4, instance:com.RingPayScripts.MockUser_Scripts@10650953]" started-at="2022-12-01T17:20:26 IST" name="userToken" finished-at="2022-12-01T17:20:33 IST" duration-ms="6389" status="PASS">
          <reporter-output>
          </reporter-output>
        </test-method> <!-- userToken -->
        <test-method signature="updateUserDetils_200()[pri:5, instance:com.RingPayScripts.MockUser_Scripts@10650953]" started-at="2022-12-01T17:20:33 IST" name="updateUserDetils_200" finished-at="2022-12-01T17:21:33 IST" duration-ms="60285" status="PASS">
          <reporter-output>
          </reporter-output>
        </test-method> <!-- updateUserDetils_200 -->
        <test-method signature="loginUser()[pri:6, instance:com.RingPayScripts.MockUser_Scripts@10650953]" started-at="2022-12-01T17:21:33 IST" name="loginUser" finished-at="2022-12-01T17:21:36 IST" duration-ms="2874" status="PASS">
          <reporter-output>
          </reporter-output>
        </test-method> <!-- loginUser -->
        <test-method signature="registeruser()[pri:7, instance:com.RingPayScripts.MockUser_Scripts@10650953]" started-at="2022-12-01T17:21:36 IST" name="registeruser" finished-at="2022-12-01T17:21:39 IST" duration-ms="3269" status="PASS">
          <reporter-output>
          </reporter-output>
        </test-method> <!-- registeruser -->
        <test-method signature="getUserDetails_Positive()[pri:8, instance:com.RingPayScripts.MockUser_Scripts@10650953]" started-at="2022-12-01T17:21:39 IST" name="getUserDetails_Positive" finished-at="2022-12-01T17:21:42 IST" duration-ms="2457" status="PASS">
          <reporter-output>
          </reporter-output>
        </test-method> <!-- getUserDetails_Positive -->
        <test-method signature="user_onboarding_200()[pri:9, instance:com.RingPayScripts.MockUser_Scripts@10650953]" started-at="2022-12-01T17:21:42 IST" name="user_onboarding_200" finished-at="2022-12-01T17:22:04 IST" duration-ms="22804" status="PASS">
          <reporter-output>
          </reporter-output>
        </test-method> <!-- user_onboarding_200 -->
        <test-method signature="create_bnpl_transaction()[pri:10, instance:com.RingPayScripts.MockUser_Scripts@10650953]" started-at="2022-12-01T17:22:04 IST" name="create_bnpl_transaction" finished-at="2022-12-01T17:22:20 IST" duration-ms="15085" status="PASS">
          <reporter-output>
          </reporter-output>
        </test-method> <!-- create_bnpl_transaction -->
        <test-method signature="upadate_user_status_200()[pri:11, instance:com.RingPayScripts.MockUser_Scripts@10650953]" started-at="2022-12-01T17:22:20 IST" name="upadate_user_status_200" finished-at="2022-12-01T17:22:22 IST" duration-ms="2616" status="PASS">
          <reporter-output>
          </reporter-output>
        </test-method> <!-- upadate_user_status_200 -->
        <test-method signature="check_Application_Eligibility()[pri:12, instance:com.RingPayScripts.MockUser_Scripts@10650953]" started-at="2022-12-01T17:22:22 IST" name="check_Application_Eligibility" finished-at="2022-12-01T17:22:55 IST" duration-ms="32431" status="PASS">
          <reporter-output>
          </reporter-output>
        </test-method> <!-- check_Application_Eligibility -->
        <test-method signature="get_Offer_Details()[pri:13, instance:com.RingPayScripts.MockUser_Scripts@10650953]" started-at="2022-12-01T17:22:55 IST" name="get_Offer_Details" finished-at="2022-12-01T17:22:58 IST" duration-ms="3852" status="PASS">
          <reporter-output>
          </reporter-output>
        </test-method> <!-- get_Offer_Details -->
        <test-method signature="accept_Offer()[pri:14, instance:com.RingPayScripts.MockUser_Scripts@10650953]" started-at="2022-12-01T17:22:58 IST" name="accept_Offer" finished-at="2022-12-01T17:23:03 IST" duration-ms="4196" status="PASS">
          <reporter-output>
          </reporter-output>
        </test-method> <!-- accept_Offer -->
        <test-method signature="offerDetailsScreen_CheckApplicationEligibility()[pri:15, instance:com.RingPayScripts.MockUser_Scripts@10650953]" started-at="2022-12-01T17:23:03 IST" name="offerDetailsScreen_CheckApplicationEligibility" finished-at="2022-12-01T17:23:10 IST" duration-ms="7495" status="PASS">
          <reporter-output>
          </reporter-output>
        </test-method> <!-- offerDetailsScreen_CheckApplicationEligibility -->
        <test-method signature="bnplLines()[pri:16, instance:com.RingPayScripts.MockUser_Scripts@10650953]" started-at="2022-12-01T17:23:10 IST" name="bnplLines" finished-at="2022-12-01T17:23:13 IST" duration-ms="3003" status="PASS">
          <reporter-output>
          </reporter-output>
        </test-method> <!-- bnplLines -->
        <test-method signature="paymentOption()[pri:17, instance:com.RingPayScripts.MockUser_Scripts@10650953]" started-at="2022-12-01T17:23:13 IST" name="paymentOption" finished-at="2022-12-01T17:23:36 IST" duration-ms="23316" status="PASS">
          <reporter-output>
          </reporter-output>
        </test-method> <!-- paymentOption -->
        <test-method signature="transaction_Initiate()[pri:18, instance:com.RingPayScripts.MockUser_Scripts@10650953]" started-at="2022-12-01T17:23:36 IST" name="transaction_Initiate" finished-at="2022-12-01T17:24:05 IST" duration-ms="28032" status="PASS">
          <reporter-output>
          </reporter-output>
        </test-method> <!-- transaction_Initiate -->
        <test-method signature="transactionComplete()[pri:19, instance:com.RingPayScripts.MockUser_Scripts@10650953]" started-at="2022-12-01T17:24:05 IST" name="transactionComplete" finished-at="2022-12-01T17:24:09 IST" duration-ms="4899" status="PASS">
          <reporter-output>
          </reporter-output>
        </test-method> <!-- transactionComplete -->
        <test-method signature="homeScreenForCurrentSpends()[pri:20, instance:com.RingPayScripts.MockUser_Scripts@10650953]" started-at="2022-12-01T17:24:09 IST" name="homeScreenForCurrentSpends" finished-at="2022-12-01T17:24:13 IST" duration-ms="3514" status="PASS">
          <reporter-output>
          </reporter-output>
        </test-method> <!-- homeScreenForCurrentSpends -->
        <test-method signature="paymentValidate()[pri:21, instance:com.RingPayScripts.MockUser_Scripts@10650953]" started-at="2022-12-01T17:24:13 IST" name="paymentValidate" finished-at="2022-12-01T17:24:16 IST" duration-ms="3175" status="PASS">
          <reporter-output>
          </reporter-output>
        </test-method> <!-- paymentValidate -->
        <test-method signature="notifyPaymentDone()[pri:22, instance:com.RingPayScripts.MockUser_Scripts@10650953]" started-at="2022-12-01T17:24:16 IST" name="notifyPaymentDone" finished-at="2022-12-01T17:24:20 IST" duration-ms="3428" status="PASS">
          <reporter-output>
          </reporter-output>
        </test-method> <!-- notifyPaymentDone -->
        <test-method signature="getSettlementStatus()[pri:23, instance:com.RingPayScripts.MockUser_Scripts@10650953]" started-at="2022-12-01T17:24:20 IST" name="getSettlementStatus" finished-at="2022-12-01T17:24:25 IST" duration-ms="5564" status="PASS">
          <reporter-output>
          </reporter-output>
        </test-method> <!-- getSettlementStatus -->
      </class> <!-- com.RingPayScripts.MockUser_Scripts -->
    </test> <!-- RingPay -->
  </suite> <!-- RingPay_Suite -->
</testng-results>
