<?xml version="1.0" encoding="UTF-8"?>
<testng-results ignored="0" total="25" passed="23" failed="2" skipped="0">
  <reporter-output>
  </reporter-output>
  <suite started-at="2022-11-30T11:09:32 IST" name="RingPay_Suite" finished-at="2022-11-30T11:14:33 IST" duration-ms="300941">
    <groups>
    </groups>
    <test started-at="2022-11-30T11:09:32 IST" name="RingPay" finished-at="2022-11-30T11:14:33 IST" duration-ms="300941">
      <class name="com.RingPayScripts.MockUser_Scripts">
        <test-method signature="userDetailsAPI()[pri:0, instance:com.RingPayScripts.MockUser_Scripts@659eef7]" started-at="2022-11-30T11:09:32 IST" name="userDetailsAPI" finished-at="2022-11-30T11:09:37 IST" duration-ms="5218" status="PASS">
          <reporter-output>
          </reporter-output>
        </test-method> <!-- userDetailsAPI -->
        <test-method signature="onloadAndroidVersionCheckAPI()[pri:1, instance:com.RingPayScripts.MockUser_Scripts@659eef7]" started-at="2022-11-30T11:09:37 IST" name="onloadAndroidVersionCheckAPI" finished-at="2022-11-30T11:09:38 IST" duration-ms="762" status="PASS">
          <reporter-output>
          </reporter-output>
        </test-method> <!-- onloadAndroidVersionCheckAPI -->
        <test-method signature="getVPADetails()[pri:2, instance:com.RingPayScripts.MockUser_Scripts@659eef7]" started-at="2022-11-30T11:09:38 IST" name="getVPADetails" finished-at="2022-11-30T11:09:40 IST" duration-ms="1647" status="PASS">
          <reporter-output>
          </reporter-output>
        </test-method> <!-- getVPADetails -->
        <test-method signature="sendOtp_Positive()[pri:3, instance:com.RingPayScripts.MockUser_Scripts@659eef7]" started-at="2022-11-30T11:09:40 IST" name="sendOtp_Positive" finished-at="2022-11-30T11:09:43 IST" duration-ms="3872" status="PASS">
          <reporter-output>
          </reporter-output>
        </test-method> <!-- sendOtp_Positive -->
        <test-method signature="userToken()[pri:4, instance:com.RingPayScripts.MockUser_Scripts@659eef7]" started-at="2022-11-30T11:09:43 IST" name="userToken" finished-at="2022-11-30T11:09:51 IST" duration-ms="7848" status="PASS">
          <reporter-output>
          </reporter-output>
        </test-method> <!-- userToken -->
        <test-method signature="updateUserDetils_200()[pri:5, instance:com.RingPayScripts.MockUser_Scripts@659eef7]" started-at="2022-11-30T11:09:51 IST" name="updateUserDetils_200" finished-at="2022-11-30T11:11:01 IST" duration-ms="70033" status="PASS">
          <reporter-output>
          </reporter-output>
        </test-method> <!-- updateUserDetils_200 -->
        <test-method signature="loginUser()[pri:6, instance:com.RingPayScripts.MockUser_Scripts@659eef7]" started-at="2022-11-30T11:11:01 IST" name="loginUser" finished-at="2022-11-30T11:11:05 IST" duration-ms="3596" status="PASS">
          <reporter-output>
          </reporter-output>
        </test-method> <!-- loginUser -->
        <test-method signature="registeruser()[pri:7, instance:com.RingPayScripts.MockUser_Scripts@659eef7]" started-at="2022-11-30T11:11:05 IST" name="registeruser" finished-at="2022-11-30T11:11:08 IST" duration-ms="2941" status="PASS">
          <reporter-output>
          </reporter-output>
        </test-method> <!-- registeruser -->
        <test-method signature="getUserDetails_Positive()[pri:8, instance:com.RingPayScripts.MockUser_Scripts@659eef7]" started-at="2022-11-30T11:11:08 IST" name="getUserDetails_Positive" finished-at="2022-11-30T11:11:12 IST" duration-ms="3676" status="PASS">
          <reporter-output>
          </reporter-output>
        </test-method> <!-- getUserDetails_Positive -->
        <test-method signature="user_onboarding_200()[pri:9, instance:com.RingPayScripts.MockUser_Scripts@659eef7]" started-at="2022-11-30T11:11:12 IST" name="user_onboarding_200" finished-at="2022-11-30T11:11:36 IST" duration-ms="24526" status="PASS">
          <reporter-output>
          </reporter-output>
        </test-method> <!-- user_onboarding_200 -->
        <test-method signature="create_bnpl_transaction()[pri:10, instance:com.RingPayScripts.MockUser_Scripts@659eef7]" started-at="2022-11-30T11:11:36 IST" name="create_bnpl_transaction" finished-at="2022-11-30T11:12:01 IST" duration-ms="25271" status="PASS">
          <reporter-output>
          </reporter-output>
        </test-method> <!-- create_bnpl_transaction -->
        <test-method signature="upadate_user_status_200()[pri:11, instance:com.RingPayScripts.MockUser_Scripts@659eef7]" started-at="2022-11-30T11:12:01 IST" name="upadate_user_status_200" finished-at="2022-11-30T11:12:04 IST" duration-ms="2842" status="PASS">
          <reporter-output>
          </reporter-output>
        </test-method> <!-- upadate_user_status_200 -->
        <test-method signature="check_Application_Eligibility()[pri:12, instance:com.RingPayScripts.MockUser_Scripts@659eef7]" started-at="2022-11-30T11:12:04 IST" name="check_Application_Eligibility" finished-at="2022-11-30T11:12:38 IST" duration-ms="33798" status="FAIL">
          <exception class="java.lang.NullPointerException">
            <message>
              <![CDATA[Cannot invoke "String.equals(Object)" because the return value of "com.utility.ExtentReporter.getPlatformFromtools()" is null]]>
            </message>
            <full-stacktrace>
              <![CDATA[java.lang.NullPointerException: Cannot invoke "String.equals(Object)" because the return value of "com.utility.ExtentReporter.getPlatformFromtools()" is null
at com.utility.ExtentReporter.setScreenshotSource(ExtentReporter.java:466)
at com.utility.ExtentReporter.screencapture(ExtentReporter.java:302)
at com.utility.ExtentReporter.extentLoggerFail(ExtentReporter.java:270)
at com.utility.Validation.assertSchemaValidation(Validation.java:32)
at com.business.RingPay_MerchantQRCode_Journey.BasicDetailScreen_Check_Application_Eligibility.checkApplicationEligibilitySchemaValidation_Positive(BasicDetailScreen_Check_Application_Eligibility.java:80)
at com.RingPayScripts.MockUser_Scripts.check_Application_Eligibility(MockUser_Scripts.java:279)
at java.base/jdk.internal.reflect.NativeMethodAccessorImpl.invoke0(Native Method)
at java.base/jdk.internal.reflect.NativeMethodAccessorImpl.invoke(NativeMethodAccessorImpl.java:77)
at java.base/jdk.internal.reflect.DelegatingMethodAccessorImpl.invoke(DelegatingMethodAccessorImpl.java:43)
at java.base/java.lang.reflect.Method.invoke(Method.java:568)
at org.testng.internal.MethodInvocationHelper.invokeMethod(MethodInvocationHelper.java:134)
at org.testng.internal.TestInvoker.invokeMethod(TestInvoker.java:597)
at org.testng.internal.TestInvoker.invokeTestMethod(TestInvoker.java:173)
at org.testng.internal.MethodRunner.runInSequence(MethodRunner.java:46)
at org.testng.internal.TestInvoker$MethodInvocationAgent.invoke(TestInvoker.java:816)
at org.testng.internal.TestInvoker.invokeTestMethods(TestInvoker.java:146)
at org.testng.internal.TestMethodWorker.invokeTestMethods(TestMethodWorker.java:146)
at org.testng.internal.TestMethodWorker.run(TestMethodWorker.java:128)
at java.base/java.util.ArrayList.forEach(ArrayList.java:1511)
at org.testng.TestRunner.privateRun(TestRunner.java:766)
at org.testng.TestRunner.run(TestRunner.java:587)
at org.testng.SuiteRunner.runTest(SuiteRunner.java:384)
at org.testng.SuiteRunner.runSequentially(SuiteRunner.java:378)
at org.testng.SuiteRunner.privateRun(SuiteRunner.java:337)
at org.testng.SuiteRunner.run(SuiteRunner.java:286)
at org.testng.SuiteRunnerWorker.runSuite(SuiteRunnerWorker.java:53)
at org.testng.SuiteRunnerWorker.run(SuiteRunnerWorker.java:96)
at org.testng.TestNG.runSuitesSequentially(TestNG.java:1187)
at org.testng.TestNG.runSuitesLocally(TestNG.java:1109)
at org.testng.TestNG.runSuites(TestNG.java:1039)
at org.testng.TestNG.run(TestNG.java:1007)
at org.testng.remote.AbstractRemoteTestNG.run(AbstractRemoteTestNG.java:115)
at org.testng.remote.RemoteTestNG.initAndRun(RemoteTestNG.java:251)
at org.testng.remote.RemoteTestNG.main(RemoteTestNG.java:77)
]]>
            </full-stacktrace>
          </exception> <!-- java.lang.NullPointerException -->
          <reporter-output>
          </reporter-output>
        </test-method> <!-- check_Application_Eligibility -->
        <test-method signature="check_Application_Eligibility_After_add_addressAPI()[pri:13, instance:com.RingPayScripts.MockUser_Scripts@659eef7]" started-at="2022-11-30T11:12:38 IST" name="check_Application_Eligibility_After_add_addressAPI" finished-at="2022-11-30T11:12:54 IST" duration-ms="15734" status="PASS">
          <reporter-output>
          </reporter-output>
        </test-method> <!-- check_Application_Eligibility_After_add_addressAPI -->
        <test-method signature="get_Offer_Details()[pri:14, instance:com.RingPayScripts.MockUser_Scripts@659eef7]" started-at="2022-11-30T11:12:54 IST" name="get_Offer_Details" finished-at="2022-11-30T11:13:00 IST" duration-ms="6475" status="PASS">
          <reporter-output>
          </reporter-output>
        </test-method> <!-- get_Offer_Details -->
        <test-method signature="accept_Offer()[pri:15, instance:com.RingPayScripts.MockUser_Scripts@659eef7]" started-at="2022-11-30T11:13:00 IST" name="accept_Offer" finished-at="2022-11-30T11:13:05 IST" duration-ms="5165" status="PASS">
          <reporter-output>
          </reporter-output>
        </test-method> <!-- accept_Offer -->
        <test-method signature="offerDetailsScreen_CheckApplicationEligibility()[pri:16, instance:com.RingPayScripts.MockUser_Scripts@659eef7]" started-at="2022-11-30T11:13:05 IST" name="offerDetailsScreen_CheckApplicationEligibility" finished-at="2022-11-30T11:13:13 IST" duration-ms="8097" status="PASS">
          <reporter-output>
          </reporter-output>
        </test-method> <!-- offerDetailsScreen_CheckApplicationEligibility -->
        <test-method signature="bnplLines()[pri:17, instance:com.RingPayScripts.MockUser_Scripts@659eef7]" started-at="2022-11-30T11:13:13 IST" name="bnplLines" finished-at="2022-11-30T11:13:19 IST" duration-ms="5097" status="PASS">
          <reporter-output>
          </reporter-output>
        </test-method> <!-- bnplLines -->
        <test-method signature="paymentOption()[pri:18, instance:com.RingPayScripts.MockUser_Scripts@659eef7]" started-at="2022-11-30T11:13:19 IST" name="paymentOption" finished-at="2022-11-30T11:13:43 IST" duration-ms="24657" status="PASS">
          <reporter-output>
          </reporter-output>
        </test-method> <!-- paymentOption -->
        <test-method signature="transaction_Initiate()[pri:19, instance:com.RingPayScripts.MockUser_Scripts@659eef7]" started-at="2022-11-30T11:13:43 IST" name="transaction_Initiate" finished-at="2022-11-30T11:14:12 IST" duration-ms="28283" status="PASS">
          <reporter-output>
          </reporter-output>
        </test-method> <!-- transaction_Initiate -->
        <test-method signature="transactionComplete()[pri:20, instance:com.RingPayScripts.MockUser_Scripts@659eef7]" started-at="2022-11-30T11:14:12 IST" name="transactionComplete" finished-at="2022-11-30T11:14:16 IST" duration-ms="4556" status="PASS">
          <reporter-output>
          </reporter-output>
        </test-method> <!-- transactionComplete -->
        <test-method signature="homeScreenForCurrentSpends()[pri:21, instance:com.RingPayScripts.MockUser_Scripts@659eef7]" started-at="2022-11-30T11:14:16 IST" name="homeScreenForCurrentSpends" finished-at="2022-11-30T11:14:20 IST" duration-ms="3570" status="PASS">
          <reporter-output>
          </reporter-output>
        </test-method> <!-- homeScreenForCurrentSpends -->
        <test-method signature="paymentValidate()[pri:22, instance:com.RingPayScripts.MockUser_Scripts@659eef7]" started-at="2022-11-30T11:14:20 IST" name="paymentValidate" finished-at="2022-11-30T11:14:22 IST" duration-ms="2449" status="PASS">
          <reporter-output>
          </reporter-output>
        </test-method> <!-- paymentValidate -->
        <test-method signature="notifyPaymentDone()[pri:23, instance:com.RingPayScripts.MockUser_Scripts@659eef7]" started-at="2022-11-30T11:14:22 IST" name="notifyPaymentDone" finished-at="2022-11-30T11:14:24 IST" duration-ms="2177" status="PASS">
          <reporter-output>
          </reporter-output>
        </test-method> <!-- notifyPaymentDone -->
        <test-method signature="getSettlementStatus()[pri:24, instance:com.RingPayScripts.MockUser_Scripts@659eef7]" started-at="2022-11-30T11:14:24 IST" name="getSettlementStatus" finished-at="2022-11-30T11:14:33 IST" duration-ms="8480" status="FAIL">
          <exception class="java.lang.NullPointerException">
            <message>
              <![CDATA[Cannot invoke "String.equals(Object)" because the return value of "com.utility.ExtentReporter.getPlatformFromtools()" is null]]>
            </message>
            <full-stacktrace>
              <![CDATA[java.lang.NullPointerException: Cannot invoke "String.equals(Object)" because the return value of "com.utility.ExtentReporter.getPlatformFromtools()" is null
at com.utility.ExtentReporter.setScreenshotSource(ExtentReporter.java:466)
at com.utility.ExtentReporter.screencapture(ExtentReporter.java:302)
at com.utility.ExtentReporter.extentLoggerFail(ExtentReporter.java:270)
at com.utility.Validation.assertEquals(Validation.java:88)
at com.business.RingPay_MerchantQRCode_Journey.Bnpl_Txn_Transaction_Initiate.transactionInitiate_Positive(Bnpl_Txn_Transaction_Initiate.java:44)
at com.utility.Utilities.GetSettlementAPI(Utilities.java:4406)
at com.business.RingPay_MerchantQRCode_Journey.TransactionDetails_Get_Settlement_Status.getSettlementStatus(TransactionDetails_Get_Settlement_Status.java:17)
at com.RingPayScripts.MockUser_Scripts.getSettlementStatus(MockUser_Scripts.java:450)
at java.base/jdk.internal.reflect.NativeMethodAccessorImpl.invoke0(Native Method)
at java.base/jdk.internal.reflect.NativeMethodAccessorImpl.invoke(NativeMethodAccessorImpl.java:77)
at java.base/jdk.internal.reflect.DelegatingMethodAccessorImpl.invoke(DelegatingMethodAccessorImpl.java:43)
at java.base/java.lang.reflect.Method.invoke(Method.java:568)
at org.testng.internal.MethodInvocationHelper.invokeMethod(MethodInvocationHelper.java:134)
at org.testng.internal.TestInvoker.invokeMethod(TestInvoker.java:597)
at org.testng.internal.TestInvoker.invokeTestMethod(TestInvoker.java:173)
at org.testng.internal.MethodRunner.runInSequence(MethodRunner.java:46)
at org.testng.internal.TestInvoker$MethodInvocationAgent.invoke(TestInvoker.java:816)
at org.testng.internal.TestInvoker.invokeTestMethods(TestInvoker.java:146)
at org.testng.internal.TestMethodWorker.invokeTestMethods(TestMethodWorker.java:146)
at org.testng.internal.TestMethodWorker.run(TestMethodWorker.java:128)
at java.base/java.util.ArrayList.forEach(ArrayList.java:1511)
at org.testng.TestRunner.privateRun(TestRunner.java:766)
at org.testng.TestRunner.run(TestRunner.java:587)
at org.testng.SuiteRunner.runTest(SuiteRunner.java:384)
at org.testng.SuiteRunner.runSequentially(SuiteRunner.java:378)
at org.testng.SuiteRunner.privateRun(SuiteRunner.java:337)
at org.testng.SuiteRunner.run(SuiteRunner.java:286)
at org.testng.SuiteRunnerWorker.runSuite(SuiteRunnerWorker.java:53)
at org.testng.SuiteRunnerWorker.run(SuiteRunnerWorker.java:96)
at org.testng.TestNG.runSuitesSequentially(TestNG.java:1187)
at org.testng.TestNG.runSuitesLocally(TestNG.java:1109)
at org.testng.TestNG.runSuites(TestNG.java:1039)
at org.testng.TestNG.run(TestNG.java:1007)
at org.testng.remote.AbstractRemoteTestNG.run(AbstractRemoteTestNG.java:115)
at org.testng.remote.RemoteTestNG.initAndRun(RemoteTestNG.java:251)
at org.testng.remote.RemoteTestNG.main(RemoteTestNG.java:77)
]]>
            </full-stacktrace>
          </exception> <!-- java.lang.NullPointerException -->
          <reporter-output>
          </reporter-output>
        </test-method> <!-- getSettlementStatus -->
      </class> <!-- com.RingPayScripts.MockUser_Scripts -->
    </test> <!-- RingPay -->
  </suite> <!-- RingPay_Suite -->
</testng-results>
