<?xml version="1.0" encoding="UTF-8"?>
<!-- Generated by org.testng.reporters.JUnitXMLReporter -->
<testsuite hostname="DESKTOP-077G3EM" ignored="0" name="RingPay" tests="8" failures="1" timestamp="2022-11-22T11:50:43 IST" time="146.128" errors="0">
  <testcase name="userDetailsAPI" time="7.932" classname="com.RingPayScripts.MockUser_Scripts">
    <failure type="java.lang.NullPointerException">
      <![CDATA[java.lang.NullPointerException
at com.utility.ExtentReporter.setScreenshotSource(ExtentReporter.java:466)
at com.utility.ExtentReporter.screencapture(ExtentReporter.java:302)
at com.utility.ExtentReporter.extentLoggerFail(ExtentReporter.java:270)
at com.utility.Validation.assertSchemaValidation(Validation.java:29)
at com.business.RingPay_MerchantQRCode_Journey.RegisterUser_Mock_User.mock_User_200(RegisterUser_Mock_User.java:40)
at com.RingPayScripts.MockUser_Scripts.userDetailsAPI(MockUser_Scripts.java:37)
at java.util.ArrayList.forEach(ArrayList.java:1257)
... Removed 30 stack frames]]>
    </failure>
  </testcase> <!-- userDetailsAPI -->
  <testcase name="onloadAndroidVersionCheckAPI" time="1.756" classname="com.RingPayScripts.MockUser_Scripts"/>
  <testcase name="getVPADetails" time="1.398" classname="com.RingPayScripts.MockUser_Scripts"/>
  <testcase name="sendOtp_Positive" time="4.36" classname="com.RingPayScripts.MockUser_Scripts"/>
  <testcase name="userToken" time="13.591" classname="com.RingPayScripts.MockUser_Scripts"/>
  <testcase name="updateUserDetils_200" time="104.483" classname="com.RingPayScripts.MockUser_Scripts"/>
  <testcase name="loginUser" time="7.293" classname="com.RingPayScripts.MockUser_Scripts"/>
  <testcase name="registeruser" time="5.144" classname="com.RingPayScripts.MockUser_Scripts"/>
</testsuite> <!-- RingPay -->
