<?xml version="1.0" encoding="UTF-8"?>
<!-- Generated by org.testng.reporters.JUnitXMLReporter -->
<testsuite ignored="0" hostname="LAPTOP-PKV9DMSP" failures="7" tests="7" name="GCASH" time="0.492" errors="0" timestamp="2022-10-31T14:20:45 IST">
  <testcase classname="com.GCash_GGivesScripts.TokenGCASH" name="EmptyClientId_TokenGCash" time="0.201">
    <failure type="java.io.FileNotFoundException" message="C:\Users\Tanisha\Downloads\GCash (5)\modified\src\main\java\resources\GCashAPI_TestData_env.xlsx (The system cannot find the path specified)">
      <![CDATA[java.io.FileNotFoundException: C:\Users\Tanisha\Downloads\GCash (5)\modified\src\main\java\resources\GCashAPI_TestData_env.xlsx (The system cannot find the path specified)
at java.base/java.io.FileInputStream.open0(Native Method)
at java.base/java.io.FileInputStream.open(FileInputStream.java:216)
at java.base/java.io.FileInputStream.<init>(FileInputStream.java:157)
at com.utils.Excel.getTestData(Excel.java:24)
at com.Datasheet.GCashAPI_TestData_DataProvider.GCashapi(GCashAPI_TestData_DataProvider.java:32)
at com.GCash_GGivesScripts.TokenGCASH.EmptyClientId_TokenGCash(TokenGCASH.java:67)
at java.base/java.util.ArrayList.forEach(ArrayList.java:1511)
... Removed 25 stack frames]]>
    </failure>
  </testcase> <!-- EmptyClientId_TokenGCash -->
  <testcase classname="com.GCash_GGivesScripts.TokenGCASH" name="EmptyClientSecret_TokenGCash" time="0.003">
    <failure type="java.io.FileNotFoundException" message="C:\Users\Tanisha\Downloads\GCash (5)\modified\src\main\java\resources\GCashAPI_TestData_env.xlsx (The system cannot find the path specified)">
      <![CDATA[java.io.FileNotFoundException: C:\Users\Tanisha\Downloads\GCash (5)\modified\src\main\java\resources\GCashAPI_TestData_env.xlsx (The system cannot find the path specified)
at java.base/java.io.FileInputStream.open0(Native Method)
at java.base/java.io.FileInputStream.open(FileInputStream.java:216)
at java.base/java.io.FileInputStream.<init>(FileInputStream.java:157)
at com.utils.Excel.getTestData(Excel.java:24)
at com.Datasheet.GCashAPI_TestData_DataProvider.GCashapi(GCashAPI_TestData_DataProvider.java:32)
at com.GCash_GGivesScripts.TokenGCASH.EmptyClientSecret_TokenGCash(TokenGCASH.java:85)
at java.base/java.util.ArrayList.forEach(ArrayList.java:1511)
... Removed 25 stack frames]]>
    </failure>
  </testcase> <!-- EmptyClientSecret_TokenGCash -->
  <testcase classname="com.GCash_GGivesScripts.TokenGCASH" name="EmptyGrantType_TokenGCash" time="0.003">
    <failure type="java.io.FileNotFoundException" message="C:\Users\Tanisha\Downloads\GCash (5)\modified\src\main\java\resources\GCashAPI_TestData_env.xlsx (The system cannot find the path specified)">
      <![CDATA[java.io.FileNotFoundException: C:\Users\Tanisha\Downloads\GCash (5)\modified\src\main\java\resources\GCashAPI_TestData_env.xlsx (The system cannot find the path specified)
at java.base/java.io.FileInputStream.open0(Native Method)
at java.base/java.io.FileInputStream.open(FileInputStream.java:216)
at java.base/java.io.FileInputStream.<init>(FileInputStream.java:157)
at com.utils.Excel.getTestData(Excel.java:24)
at com.Datasheet.GCashAPI_TestData_DataProvider.GCashapi(GCashAPI_TestData_DataProvider.java:32)
at com.GCash_GGivesScripts.TokenGCASH.EmptyGrantType_TokenGCash(TokenGCASH.java:142)
at java.base/java.util.ArrayList.forEach(ArrayList.java:1511)
... Removed 25 stack frames]]>
    </failure>
  </testcase> <!-- EmptyGrantType_TokenGCash -->
  <testcase classname="com.GCash_GGivesScripts.TokenGCASH" name="InvalidClientId_TokenGCash" time="0.002">
    <failure type="java.io.FileNotFoundException" message="C:\Users\Tanisha\Downloads\GCash (5)\modified\src\main\java\resources\GCashAPI_TestData_env.xlsx (The system cannot find the path specified)">
      <![CDATA[java.io.FileNotFoundException: C:\Users\Tanisha\Downloads\GCash (5)\modified\src\main\java\resources\GCashAPI_TestData_env.xlsx (The system cannot find the path specified)
at java.base/java.io.FileInputStream.open0(Native Method)
at java.base/java.io.FileInputStream.open(FileInputStream.java:216)
at java.base/java.io.FileInputStream.<init>(FileInputStream.java:157)
at com.utils.Excel.getTestData(Excel.java:24)
at com.Datasheet.GCashAPI_TestData_DataProvider.GCashapi(GCashAPI_TestData_DataProvider.java:32)
at com.GCash_GGivesScripts.TokenGCASH.InvalidClientId_TokenGCash(TokenGCASH.java:47)
at java.base/java.util.ArrayList.forEach(ArrayList.java:1511)
... Removed 25 stack frames]]>
    </failure>
  </testcase> <!-- InvalidClientId_TokenGCash -->
  <testcase classname="com.GCash_GGivesScripts.TokenGCASH" name="InvalidClientSecret_TokenGCash" time="0.002">
    <failure type="java.io.FileNotFoundException" message="C:\Users\Tanisha\Downloads\GCash (5)\modified\src\main\java\resources\GCashAPI_TestData_env.xlsx (The system cannot find the path specified)">
      <![CDATA[java.io.FileNotFoundException: C:\Users\Tanisha\Downloads\GCash (5)\modified\src\main\java\resources\GCashAPI_TestData_env.xlsx (The system cannot find the path specified)
at java.base/java.io.FileInputStream.open0(Native Method)
at java.base/java.io.FileInputStream.open(FileInputStream.java:216)
at java.base/java.io.FileInputStream.<init>(FileInputStream.java:157)
at com.utils.Excel.getTestData(Excel.java:24)
at com.Datasheet.GCashAPI_TestData_DataProvider.GCashapi(GCashAPI_TestData_DataProvider.java:32)
at com.GCash_GGivesScripts.TokenGCASH.InvalidClientSecret_TokenGCash(TokenGCASH.java:103)
at java.base/java.util.ArrayList.forEach(ArrayList.java:1511)
... Removed 25 stack frames]]>
    </failure>
  </testcase> <!-- InvalidClientSecret_TokenGCash -->
  <testcase classname="com.GCash_GGivesScripts.TokenGCASH" name="InvalidGrantType_TokenGCash" time="0.002">
    <failure type="java.io.FileNotFoundException" message="C:\Users\Tanisha\Downloads\GCash (5)\modified\src\main\java\resources\GCashAPI_TestData_env.xlsx (The system cannot find the path specified)">
      <![CDATA[java.io.FileNotFoundException: C:\Users\Tanisha\Downloads\GCash (5)\modified\src\main\java\resources\GCashAPI_TestData_env.xlsx (The system cannot find the path specified)
at java.base/java.io.FileInputStream.open0(Native Method)
at java.base/java.io.FileInputStream.open(FileInputStream.java:216)
at java.base/java.io.FileInputStream.<init>(FileInputStream.java:157)
at com.utils.Excel.getTestData(Excel.java:24)
at com.Datasheet.GCashAPI_TestData_DataProvider.GCashapi(GCashAPI_TestData_DataProvider.java:32)
at com.GCash_GGivesScripts.TokenGCASH.InvalidGrantType_TokenGCash(TokenGCASH.java:122)
at java.base/java.util.ArrayList.forEach(ArrayList.java:1511)
... Removed 25 stack frames]]>
    </failure>
  </testcase> <!-- InvalidGrantType_TokenGCash -->
  <testcase classname="com.GCash_GGivesScripts.TokenGCASH" name="TokenGCash_200" time="0.003">
    <failure type="java.io.FileNotFoundException" message="C:\Users\Tanisha\Downloads\GCash (5)\modified\src\main\java\resources\GCashAPI_TestData_env.xlsx (The system cannot find the path specified)">
      <![CDATA[java.io.FileNotFoundException: C:\Users\Tanisha\Downloads\GCash (5)\modified\src\main\java\resources\GCashAPI_TestData_env.xlsx (The system cannot find the path specified)
at java.base/java.io.FileInputStream.open0(Native Method)
at java.base/java.io.FileInputStream.open(FileInputStream.java:216)
at java.base/java.io.FileInputStream.<init>(FileInputStream.java:157)
at com.utils.Excel.getTestData(Excel.java:24)
at com.Datasheet.GCashAPI_TestData_DataProvider.GCashapi(GCashAPI_TestData_DataProvider.java:32)
at com.GCash_GGivesScripts.TokenGCASH.TokenGCash_200(TokenGCASH.java:24)
at java.base/java.util.ArrayList.forEach(ArrayList.java:1511)
... Removed 25 stack frames]]>
    </failure>
  </testcase> <!-- TokenGCash_200 -->
</testsuite> <!-- GCASH -->
